
*** Running vivado
    with args -log test_env.vds -m64 -product Vivado -mode batch -messageDb vivado.pb -notrace -source test_env.tcl


****** Vivado v2018.3 (64-bit)
  **** SW Build 2405991 on Thu Dec  6 23:38:27 MST 2018
  **** IP Build 2404404 on Fri Dec  7 01:43:56 MST 2018
    ** Copyright 1986-2018 Xilinx, Inc. All Rights Reserved.

source test_env.tcl -notrace
Command: synth_design -top test_env -part xc7a35tcpg236-1
Starting synth_design
Attempting to get a license for feature 'Synthesis' and/or device 'xc7a35t'
INFO: [Common 17-349] Got license for feature 'Synthesis' and/or device 'xc7a35t'
INFO: Launching helper process for spawning children vivado processes
INFO: Helper process launched with PID 17728 
---------------------------------------------------------------------------------
Starting RTL Elaboration : Time (s): cpu = 00:00:02 ; elapsed = 00:00:03 . Memory (MB): peak = 362.270 ; gain = 100.852
---------------------------------------------------------------------------------
INFO: [Synth 8-638] synthesizing module 'test_env' [C:/Users/40727/Single_Cycle/Single_Cycle.srcs/sources_1/new/test_env.vhd:15]
INFO: [Synth 8-3491] module 'I_Fetch' declared at 'C:/Users/40727/Single_Cycle/Single_Cycle.srcs/sources_1/new/I_Fetch.vhd:6' bound to instance 'IFetch' of component 'I_Fetch' [C:/Users/40727/Single_Cycle/Single_Cycle.srcs/sources_1/new/test_env.vhd:223]
INFO: [Synth 8-638] synthesizing module 'I_Fetch' [C:/Users/40727/Single_Cycle/Single_Cycle.srcs/sources_1/new/I_Fetch.vhd:20]
INFO: [Synth 8-256] done synthesizing module 'I_Fetch' (1#1) [C:/Users/40727/Single_Cycle/Single_Cycle.srcs/sources_1/new/I_Fetch.vhd:20]
INFO: [Synth 8-3491] module 'I_Decode' declared at 'C:/Users/40727/Single_Cycle/Single_Cycle.srcs/sources_1/new/IDec.vhd:7' bound to instance 'IDec' of component 'I_Decode' [C:/Users/40727/Single_Cycle/Single_Cycle.srcs/sources_1/new/test_env.vhd:235]
INFO: [Synth 8-638] synthesizing module 'I_Decode' [C:/Users/40727/Single_Cycle/Single_Cycle.srcs/sources_1/new/IDec.vhd:28]
INFO: [Synth 8-3491] module 'RegFile' declared at 'C:/Users/40727/Single_Cycle/Single_Cycle.srcs/sources_1/new/RegFile.vhd:6' bound to instance 'RF' of component 'RegFile' [C:/Users/40727/Single_Cycle/Single_Cycle.srcs/sources_1/new/IDec.vhd:65]
INFO: [Synth 8-638] synthesizing module 'RegFile' [C:/Users/40727/Single_Cycle/Single_Cycle.srcs/sources_1/new/RegFile.vhd:24]
INFO: [Synth 8-256] done synthesizing module 'RegFile' (2#1) [C:/Users/40727/Single_Cycle/Single_Cycle.srcs/sources_1/new/RegFile.vhd:24]
INFO: [Synth 8-256] done synthesizing module 'I_Decode' (3#1) [C:/Users/40727/Single_Cycle/Single_Cycle.srcs/sources_1/new/IDec.vhd:28]
INFO: [Synth 8-3491] module 'Mem' declared at 'C:/Users/40727/Single_Cycle/Single_Cycle.srcs/sources_1/new/mem.vhd:6' bound to instance 'Memory' of component 'Mem' [C:/Users/40727/Single_Cycle/Single_Cycle.srcs/sources_1/new/test_env.vhd:255]
INFO: [Synth 8-638] synthesizing module 'Mem' [C:/Users/40727/Single_Cycle/Single_Cycle.srcs/sources_1/new/mem.vhd:18]
INFO: [Synth 8-256] done synthesizing module 'Mem' (4#1) [C:/Users/40727/Single_Cycle/Single_Cycle.srcs/sources_1/new/mem.vhd:18]
INFO: [Synth 8-3491] module 'ALUs' declared at 'C:/Users/40727/Single_Cycle/Single_Cycle.srcs/sources_1/new/ALUs.vhd:8' bound to instance 'Unit_EX' of component 'ALUs' [C:/Users/40727/Single_Cycle/Single_Cycle.srcs/sources_1/new/test_env.vhd:265]
INFO: [Synth 8-638] synthesizing module 'ALUs' [C:/Users/40727/Single_Cycle/Single_Cycle.srcs/sources_1/new/ALUs.vhd:26]
INFO: [Synth 8-256] done synthesizing module 'ALUs' (5#1) [C:/Users/40727/Single_Cycle/Single_Cycle.srcs/sources_1/new/ALUs.vhd:26]
INFO: [Synth 8-3491] module 'mpgs' declared at 'C:/Users/40727/Single_Cycle/Single_Cycle.srcs/sources_1/new/MPG.vhd:6' bound to instance 'mpg' of component 'mpgs' [C:/Users/40727/Single_Cycle/Single_Cycle.srcs/sources_1/new/test_env.vhd:282]
INFO: [Synth 8-638] synthesizing module 'mpgs' [C:/Users/40727/Single_Cycle/Single_Cycle.srcs/sources_1/new/MPG.vhd:13]
INFO: [Synth 8-256] done synthesizing module 'mpgs' (6#1) [C:/Users/40727/Single_Cycle/Single_Cycle.srcs/sources_1/new/MPG.vhd:13]
INFO: [Synth 8-3491] module 'SSDDs' declared at 'C:/Users/40727/Single_Cycle/Single_Cycle.srcs/sources_1/new/ssdd.vhd:6' bound to instance 'ssd' of component 'SSDDs' [C:/Users/40727/Single_Cycle/Single_Cycle.srcs/sources_1/new/test_env.vhd:286]
INFO: [Synth 8-638] synthesizing module 'SSDDs' [C:/Users/40727/Single_Cycle/Single_Cycle.srcs/sources_1/new/ssdd.vhd:13]
INFO: [Synth 8-256] done synthesizing module 'SSDDs' (7#1) [C:/Users/40727/Single_Cycle/Single_Cycle.srcs/sources_1/new/ssdd.vhd:13]
INFO: [Synth 8-256] done synthesizing module 'test_env' (8#1) [C:/Users/40727/Single_Cycle/Single_Cycle.srcs/sources_1/new/test_env.vhd:15]
---------------------------------------------------------------------------------
Finished RTL Elaboration : Time (s): cpu = 00:00:03 ; elapsed = 00:00:04 . Memory (MB): peak = 419.398 ; gain = 157.980
---------------------------------------------------------------------------------

Report Check Netlist: 
+------+------------------+-------+---------+-------+------------------+
|      |Item              |Errors |Warnings |Status |Description       |
+------+------------------+-------+---------+-------+------------------+
|1     |multi_driven_nets |      0|        0|Passed |Multi driven nets |
+------+------------------+-------+---------+-------+------------------+
---------------------------------------------------------------------------------
Start Handling Custom Attributes
---------------------------------------------------------------------------------
---------------------------------------------------------------------------------
Finished Handling Custom Attributes : Time (s): cpu = 00:00:03 ; elapsed = 00:00:04 . Memory (MB): peak = 419.398 ; gain = 157.980
---------------------------------------------------------------------------------
---------------------------------------------------------------------------------
Finished RTL Optimization Phase 1 : Time (s): cpu = 00:00:03 ; elapsed = 00:00:04 . Memory (MB): peak = 419.398 ; gain = 157.980
---------------------------------------------------------------------------------
INFO: [Device 21-403] Loading part xc7a35tcpg236-1
INFO: [Project 1-570] Preparing netlist for logic optimization

Processing XDC Constraints
Initializing timing engine
Parsing XDC File [C:/Users/40727/Single_Cycle/Single_Cycle.srcs/constrs_1/new/constraints.xdc]
Finished Parsing XDC File [C:/Users/40727/Single_Cycle/Single_Cycle.srcs/constrs_1/new/constraints.xdc]
INFO: [Project 1-236] Implementation specific constraints were found while reading constraint file [C:/Users/40727/Single_Cycle/Single_Cycle.srcs/constrs_1/new/constraints.xdc]. These constraints will be ignored for synthesis but will be used in implementation. Impacted constraints are listed in the file [.Xil/test_env_propImpl.xdc].
Resolution: To avoid this warning, move constraints listed in [.Xil/test_env_propImpl.xdc] to another XDC file and exclude this new file from synthesis with the used_in_synthesis property (File Properties dialog in GUI) and re-run elaboration/synthesis.
Netlist sorting complete. Time (s): cpu = 00:00:00 ; elapsed = 00:00:00 . Memory (MB): peak = 739.582 ; gain = 0.000
Completed Processing XDC Constraints

Netlist sorting complete. Time (s): cpu = 00:00:00 ; elapsed = 00:00:00 . Memory (MB): peak = 739.590 ; gain = 0.000
INFO: [Project 1-111] Unisim Transformation Summary:
No Unisim elements were transformed.

Netlist sorting complete. Time (s): cpu = 00:00:00 ; elapsed = 00:00:00.001 . Memory (MB): peak = 739.590 ; gain = 0.000
Constraint Validation Runtime : Time (s): cpu = 00:00:00 ; elapsed = 00:00:00.005 . Memory (MB): peak = 739.590 ; gain = 0.000
---------------------------------------------------------------------------------
Finished Constraint Validation : Time (s): cpu = 00:00:09 ; elapsed = 00:00:13 . Memory (MB): peak = 739.590 ; gain = 478.172
---------------------------------------------------------------------------------
---------------------------------------------------------------------------------
Start Loading Part and Timing Information
---------------------------------------------------------------------------------
Loading part: xc7a35tcpg236-1
---------------------------------------------------------------------------------
Finished Loading Part and Timing Information : Time (s): cpu = 00:00:09 ; elapsed = 00:00:13 . Memory (MB): peak = 739.590 ; gain = 478.172
---------------------------------------------------------------------------------
---------------------------------------------------------------------------------
Start Applying 'set_property' XDC Constraints
---------------------------------------------------------------------------------
---------------------------------------------------------------------------------
Finished applying 'set_property' XDC Constraints : Time (s): cpu = 00:00:09 ; elapsed = 00:00:13 . Memory (MB): peak = 739.590 ; gain = 478.172
---------------------------------------------------------------------------------
INFO: [Synth 8-5544] ROM "ROM" won't be mapped to Block RAM because address size (4) smaller than threshold (5)
WARNING: [Synth 8-6014] Unused sequential element PC_reg_rep was removed.  [C:/Users/40727/Single_Cycle/Single_Cycle.srcs/sources_1/new/I_Fetch.vhd:45]
---------------------------------------------------------------------------------
Finished RTL Optimization Phase 2 : Time (s): cpu = 00:00:09 ; elapsed = 00:00:14 . Memory (MB): peak = 739.590 ; gain = 478.172
---------------------------------------------------------------------------------

Report RTL Partitions: 
+-+--------------+------------+----------+
| |RTL Partition |Replication |Instances |
+-+--------------+------------+----------+
+-+--------------+------------+----------+
---------------------------------------------------------------------------------
Start RTL Component Statistics 
---------------------------------------------------------------------------------
Detailed RTL Component Info : 
+---Adders : 
	   2 Input     16 Bit       Adders := 3     
	   3 Input     16 Bit       Adders := 1     
+---XORs : 
	   2 Input     16 Bit         XORs := 1     
+---Registers : 
	               16 Bit    Registers := 1     
	                1 Bit    Registers := 3     
+---Muxes : 
	  17 Input     16 Bit        Muxes := 1     
	   2 Input     16 Bit        Muxes := 7     
	   2 Input     15 Bit        Muxes := 1     
	   4 Input      4 Bit        Muxes := 2     
	   2 Input      3 Bit        Muxes := 1     
	  15 Input      3 Bit        Muxes := 1     
	   8 Input      1 Bit        Muxes := 8     
---------------------------------------------------------------------------------
Finished RTL Component Statistics 
---------------------------------------------------------------------------------
---------------------------------------------------------------------------------
Start RTL Hierarchical Component Statistics 
---------------------------------------------------------------------------------
Hierarchical RTL Component report 
Module test_env 
Detailed RTL Component Info : 
+---Adders : 
	   2 Input     16 Bit       Adders := 1     
+---Muxes : 
	   2 Input     16 Bit        Muxes := 1     
	   8 Input      1 Bit        Muxes := 8     
Module I_Fetch 
Detailed RTL Component Info : 
+---Adders : 
	   2 Input     16 Bit       Adders := 1     
+---Registers : 
	               16 Bit    Registers := 1     
+---Muxes : 
	  17 Input     16 Bit        Muxes := 1     
	   2 Input     16 Bit        Muxes := 2     
Module I_Decode 
Detailed RTL Component Info : 
+---Muxes : 
	   2 Input     16 Bit        Muxes := 2     
	   2 Input      3 Bit        Muxes := 1     
Module ALUs 
Detailed RTL Component Info : 
+---Adders : 
	   2 Input     16 Bit       Adders := 1     
	   3 Input     16 Bit       Adders := 1     
+---XORs : 
	   2 Input     16 Bit         XORs := 1     
+---Muxes : 
	   2 Input     16 Bit        Muxes := 2     
	   2 Input     15 Bit        Muxes := 1     
	  15 Input      3 Bit        Muxes := 1     
Module mpgs 
Detailed RTL Component Info : 
+---Registers : 
	                1 Bit    Registers := 3     
Module SSDDs 
Detailed RTL Component Info : 
+---Muxes : 
	   4 Input      4 Bit        Muxes := 2     
---------------------------------------------------------------------------------
Finished RTL Hierarchical Component Statistics
---------------------------------------------------------------------------------
---------------------------------------------------------------------------------
Start Part Resource Summary
---------------------------------------------------------------------------------
Part Resources:
DSPs: 90 (col length:60)
BRAMs: 100 (col length: RAMB18 60 RAMB36 30)
---------------------------------------------------------------------------------
Finished Part Resource Summary
---------------------------------------------------------------------------------
---------------------------------------------------------------------------------
Start Cross Boundary and Area Optimization
---------------------------------------------------------------------------------
Warning: Parallel synthesis criteria is not met 
---------------------------------------------------------------------------------
Finished Cross Boundary and Area Optimization : Time (s): cpu = 00:00:11 ; elapsed = 00:00:16 . Memory (MB): peak = 739.590 ; gain = 478.172
---------------------------------------------------------------------------------
---------------------------------------------------------------------------------
Start ROM, RAM, DSP and Shift Register Reporting
---------------------------------------------------------------------------------

Distributed RAM: Preliminary Mapping  Report (see note below)
+------------+----------------+-----------+----------------------+-----------------+
|Module Name | RTL Object     | Inference | Size (Depth x Width) | Primitives      | 
+------------+----------------+-----------+----------------------+-----------------+
|test_env    | Memory/ram_reg | Implied   | 16 x 16              | RAM16X1S x 16   | 
|test_env    | IDec/RF/R_reg  | Implied   | 8 x 16               | RAM32M x 6      | 
+------------+----------------+-----------+----------------------+-----------------+

Note: The table above is a preliminary report that shows the Distributed RAMs at the current stage of the synthesis flow. Some Distributed RAMs may be reimplemented as non Distributed RAM primitives later in the synthesis flow. Multiple instantiated RAMs are reported only once.
---------------------------------------------------------------------------------
Finished ROM, RAM, DSP and Shift Register Reporting
---------------------------------------------------------------------------------

Report RTL Partitions: 
+-+--------------+------------+----------+
| |RTL Partition |Replication |Instances |
+-+--------------+------------+----------+
+-+--------------+------------+----------+
---------------------------------------------------------------------------------
Start Applying XDC Timing Constraints
---------------------------------------------------------------------------------
---------------------------------------------------------------------------------
Finished Applying XDC Timing Constraints : Time (s): cpu = 00:00:19 ; elapsed = 00:00:23 . Memory (MB): peak = 743.961 ; gain = 482.543
---------------------------------------------------------------------------------
---------------------------------------------------------------------------------
Start Timing Optimization
---------------------------------------------------------------------------------
---------------------------------------------------------------------------------
Finished Timing Optimization : Time (s): cpu = 00:00:21 ; elapsed = 00:00:25 . Memory (MB): peak = 807.816 ; gain = 546.398
---------------------------------------------------------------------------------
---------------------------------------------------------------------------------
Start ROM, RAM, DSP and Shift Register Reporting
---------------------------------------------------------------------------------

Distributed RAM: Final Mapping  Report
+------------+----------------+-----------+----------------------+-----------------+
|Module Name | RTL Object     | Inference | Size (Depth x Width) | Primitives      | 
+------------+----------------+-----------+----------------------+-----------------+
|test_env    | Memory/ram_reg | Implied   | 16 x 16              | RAM16X1S x 16   | 
|test_env    | IDec/RF/R_reg  | Implied   | 8 x 16               | RAM32M x 6      | 
+------------+----------------+-----------+----------------------+-----------------+

---------------------------------------------------------------------------------
Finished ROM, RAM, DSP and Shift Register Reporting
---------------------------------------------------------------------------------

Report RTL Partitions: 
+-+--------------+------------+----------+
| |RTL Partition |Replication |Instances |
+-+--------------+------------+----------+
+-+--------------+------------+----------+
---------------------------------------------------------------------------------
Start Technology Mapping
---------------------------------------------------------------------------------
---------------------------------------------------------------------------------
Finished Technology Mapping : Time (s): cpu = 00:00:21 ; elapsed = 00:00:26 . Memory (MB): peak = 807.816 ; gain = 546.398
---------------------------------------------------------------------------------

Report RTL Partitions: 
+-+--------------+------------+----------+
| |RTL Partition |Replication |Instances |
+-+--------------+------------+----------+
+-+--------------+------------+----------+
---------------------------------------------------------------------------------
Start IO Insertion
---------------------------------------------------------------------------------
---------------------------------------------------------------------------------
Start Flattening Before IO Insertion
---------------------------------------------------------------------------------
---------------------------------------------------------------------------------
Finished Flattening Before IO Insertion
---------------------------------------------------------------------------------
---------------------------------------------------------------------------------
Start Final Netlist Cleanup
---------------------------------------------------------------------------------
---------------------------------------------------------------------------------
Finished Final Netlist Cleanup
---------------------------------------------------------------------------------
---------------------------------------------------------------------------------
Finished IO Insertion : Time (s): cpu = 00:00:22 ; elapsed = 00:00:26 . Memory (MB): peak = 807.816 ; gain = 546.398
---------------------------------------------------------------------------------

Report Check Netlist: 
+------+------------------+-------+---------+-------+------------------+
|      |Item              |Errors |Warnings |Status |Description       |
+------+------------------+-------+---------+-------+------------------+
|1     |multi_driven_nets |      0|        0|Passed |Multi driven nets |
+------+------------------+-------+---------+-------+------------------+
---------------------------------------------------------------------------------
Start Renaming Generated Instances
---------------------------------------------------------------------------------
---------------------------------------------------------------------------------
Finished Renaming Generated Instances : Time (s): cpu = 00:00:22 ; elapsed = 00:00:26 . Memory (MB): peak = 807.816 ; gain = 546.398
---------------------------------------------------------------------------------

Report RTL Partitions: 
+-+--------------+------------+----------+
| |RTL Partition |Replication |Instances |
+-+--------------+------------+----------+
+-+--------------+------------+----------+
---------------------------------------------------------------------------------
Start Rebuilding User Hierarchy
---------------------------------------------------------------------------------
---------------------------------------------------------------------------------
Finished Rebuilding User Hierarchy : Time (s): cpu = 00:00:22 ; elapsed = 00:00:26 . Memory (MB): peak = 807.816 ; gain = 546.398
---------------------------------------------------------------------------------
---------------------------------------------------------------------------------
Start Renaming Generated Ports
---------------------------------------------------------------------------------
---------------------------------------------------------------------------------
Finished Renaming Generated Ports : Time (s): cpu = 00:00:22 ; elapsed = 00:00:26 . Memory (MB): peak = 807.816 ; gain = 546.398
---------------------------------------------------------------------------------
---------------------------------------------------------------------------------
Start Handling Custom Attributes
---------------------------------------------------------------------------------
---------------------------------------------------------------------------------
Finished Handling Custom Attributes : Time (s): cpu = 00:00:22 ; elapsed = 00:00:27 . Memory (MB): peak = 807.816 ; gain = 546.398
---------------------------------------------------------------------------------
---------------------------------------------------------------------------------
Start Renaming Generated Nets
---------------------------------------------------------------------------------
---------------------------------------------------------------------------------
Finished Renaming Generated Nets : Time (s): cpu = 00:00:22 ; elapsed = 00:00:27 . Memory (MB): peak = 807.816 ; gain = 546.398
---------------------------------------------------------------------------------
---------------------------------------------------------------------------------
Start Writing Synthesis Report
---------------------------------------------------------------------------------

Report BlackBoxes: 
+-+--------------+----------+
| |BlackBox name |Instances |
+-+--------------+----------+
+-+--------------+----------+

Report Cell Usage: 
+------+---------+------+
|      |Cell     |Count |
+------+---------+------+
|1     |BUFG     |     2|
|2     |CARRY4   |    22|
|3     |LUT1     |     2|
|4     |LUT2     |     5|
|5     |LUT3     |     1|
|6     |LUT4     |    47|
|7     |LUT5     |    36|
|8     |LUT6     |   107|
|9     |MUXF7    |    32|
|10    |RAM16X1S |    16|
|11    |RAM32M   |     6|
|12    |FDRE     |    39|
|13    |IBUF     |     5|
|14    |OBUF     |    11|
+------+---------+------+

Report Instance Areas: 
+------+----------+---------+------+
|      |Instance  |Module   |Cells |
+------+----------+---------+------+
|1     |top       |         |   331|
|2     |  IDec    |I_Decode |    60|
|3     |    RF    |RegFile  |    60|
|4     |  IFetch  |I_Fetch  |   184|
|5     |  Memory  |Mem      |    26|
|6     |  Unit_EX |ALUs     |    10|
|7     |  mpg     |mpgs     |    33|
+------+----------+---------+------+
---------------------------------------------------------------------------------
Finished Writing Synthesis Report : Time (s): cpu = 00:00:22 ; elapsed = 00:00:27 . Memory (MB): peak = 807.816 ; gain = 546.398
---------------------------------------------------------------------------------
Synthesis finished with 0 errors, 0 critical warnings and 1 warnings.
Synthesis Optimization Runtime : Time (s): cpu = 00:00:15 ; elapsed = 00:00:19 . Memory (MB): peak = 807.816 ; gain = 226.207
Synthesis Optimization Complete : Time (s): cpu = 00:00:22 ; elapsed = 00:00:27 . Memory (MB): peak = 807.816 ; gain = 546.398
INFO: [Project 1-571] Translating synthesized netlist
INFO: [Netlist 29-17] Analyzing 76 Unisim elements for replacement
INFO: [Netlist 29-28] Unisim Transformation completed in 0 CPU seconds
INFO: [Project 1-570] Preparing netlist for logic optimization
INFO: [Opt 31-138] Pushed 0 inverter(s) to 0 load pin(s).
Netlist sorting complete. Time (s): cpu = 00:00:00 ; elapsed = 00:00:00 . Memory (MB): peak = 807.816 ; gain = 0.000
INFO: [Project 1-111] Unisim Transformation Summary:
  A total of 22 instances were transformed.
  RAM16X1S => RAM32X1S (RAMS32): 16 instances
  RAM32M => RAM32M (RAMD32, RAMD32, RAMD32, RAMD32, RAMD32, RAMD32, RAMS32, RAMS32): 6 instances

INFO: [Common 17-83] Releasing license: Synthesis
36 Infos, 1 Warnings, 0 Critical Warnings and 0 Errors encountered.
synth_design completed successfully
synth_design: Time (s): cpu = 00:00:24 ; elapsed = 00:00:29 . Memory (MB): peak = 807.816 ; gain = 554.336
Netlist sorting complete. Time (s): cpu = 00:00:00 ; elapsed = 00:00:00.001 . Memory (MB): peak = 807.816 ; gain = 0.000
WARNING: [Constraints 18-5210] No constraints selected for write.
Resolution: This message can indicate that there are no constraints for the design, or it can indicate that the used_in flags are set such that the constraints are ignored. This later case is used when running synth_design to not write synthesis constraints to the resulting checkpoint. Instead, project constraints are read when the synthesized design is opened.
INFO: [Common 17-1381] The checkpoint 'C:/Users/40727/Single_Cycle/Single_Cycle.runs/synth_1/test_env.dcp' has been generated.
INFO: [runtcl-4] Executing : report_utilization -file test_env_utilization_synth.rpt -pb test_env_utilization_synth.pb
INFO: [Common 17-206] Exiting Vivado at Wed May 13 16:16:57 2020...
